{"name": "test_app_interaction", "status": "broken", "statusDetails": {"message": "selenium.common.exceptions.NoSuchElementException: Message: An element could not be located on the page using the given search parameters.; For documentation on this error, please visit: https://www.selenium.dev/documentation/webdriver/troubleshooting/errors#no-such-element-exception\nStacktrace:\nNoSuchElementError: An element could not be located on the page using the given search parameters.\n    at AndroidUiautomator2Driver.findElOrEls (C:\\Program Files\\Appium Server GUI\\resources\\app\\node_modules\\appium\\node_modules\\appium-android-driver\\lib\\commands\\find.js:75:11)\n    at runMicrotasks (<anonymous>)\n    at processTicksAndRejections (internal/process/task_queues.js:97:5)\n    at AndroidUiautomator2Driver.findElOrElsWithProcessing (C:\\Program Files\\Appium Server GUI\\resources\\app\\node_modules\\appium\\node_modules\\appium-base-driver\\lib\\basedriver\\commands\\find.js:33:12)\n    at AndroidUiautomator2Driver.findElement (C:\\Program Files\\Appium Server GUI\\resources\\app\\node_modules\\appium\\node_modules\\appium-base-driver\\lib\\basedriver\\commands\\find.js:53:10)", "trace": "driver = <appium.webdriver.webdriver.WebDriver (session=\"9a839c6e-639e-420a-8481-dd012c417084\")>\n\n    @allure.feature('Test')\n    @allure.story('Sample App Interaction')\n    def test_app_interaction(driver):\n        with allure.step('Аuthorization'):\n            popbtn = driver.find_element(AppiumBy.ID, \"com.android.packageinstaller:id/permission_allow_button\")\n            popbtn.click()\n    \n            WebDriverWait(driver, 10).until(EC.element_to_be_clickable((AppiumBy.ACCESSIBILITY_ID, \"Маска\")))\n            popbtn = driver.find_element(AppiumBy.ACCESSIBILITY_ID, \"Маска\")\n            popbtn.click()\n    \n            popbtn = driver.find_element(AppiumBy.ACCESSIBILITY_ID, \"Меню\\nВкладка 4 из 4\")\n            popbtn.click()\n    \n            # регистрация\n            WebDriverWait(driver, 10).until(\n                EC.visibility_of_element_located((AppiumBy.ACCESSIBILITY_ID, \"Вход/Регистрация\")))\n            popbtn = driver.find_element(AppiumBy.ACCESSIBILITY_ID, \"Вход/Регистрация\")\n            popbtn.click()\n    \n            WebDriverWait(driver, 10).until(\n                EC.visibility_of_element_located((AppiumBy.XPATH, '//android.widget.EditText[@text=\"+7\"]')))\n            element = driver.find_element(AppiumBy.XPATH, '//android.widget.EditText[@text=\"+7\"]')\n            element.click()\n            element.send_keys('7013459010')#7474492708\n            driver.execute_script('mobile: performEditorAction', {'action': 'next'})\n    \n            WebDriverWait(driver, 10).until(\n                EC.visibility_of_element_located((AppiumBy.XPATH, '//android.widget.EditText[@index=\"1\"]')))\n            element = driver.find_element(AppiumBy.XPATH, '//android.widget.EditText[@index=\"1\"]')\n            element.click()\n            element.send_keys('12345test')#12345test\n            driver.execute_script('mobile: performEditorAction', {'action': 'next'})\n    \n            popbtn = driver.find_element(AppiumBy.ACCESSIBILITY_ID, \"Войти\")\n            popbtn.click()\n            time.sleep(10)\n    \n            popbtn = driver.find_element(AppiumBy.ID, \"com.android.packageinstaller:id/permission_allow_button\")\n            popbtn.click()\n    \n            popbtn = driver.find_element(AppiumBy.ACCESSIBILITY_ID, \"Закрыть\")\n            popbtn.click()\n    \n        with allure.step('Main Page and scroll'):\n            popbtn = driver.find_element(AppiumBy.ACCESSIBILITY_ID, \"Главная\\nВкладка 1 из 4\")\n            popbtn.click()\n    \n            actions = ActionChains(driver)\n            actions.w3c_actions = ActionBuilder(driver, mouse=PointerInput(interaction.POINTER_TOUCH, \"touch\"))\n            actions.w3c_actions.pointer_action.move_to_location(326, 1155)\n            actions.w3c_actions.pointer_action.pointer_down()\n            actions.w3c_actions.pointer_action.move_to_location(337, 125)\n            actions.w3c_actions.pointer_action.release()\n            actions.perform()\n    \n            actions = ActionChains(driver)\n            actions.w3c_actions = ActionBuilder(driver, mouse=PointerInput(interaction.POINTER_TOUCH, \"touch\"))\n            actions.w3c_actions.pointer_action.move_to_location(342, 1161)\n            actions.w3c_actions.pointer_action.pointer_down()\n            actions.w3c_actions.pointer_action.move_to_location(342, 104)\n            actions.w3c_actions.pointer_action.release()\n            actions.perform()\n    \n        with allure.step('Navigate to My Bank'):\n            popbtn = driver.find_element(AppiumBy.ACCESSIBILITY_ID, \"Мой Банк\\nВкладка 2 из 4\")\n            popbtn.click()\n            time.sleep(10)\n    \n        with allure.step('Izmenit uslovia depozita'):\n            WebDriverWait(driver, 10).until(\n                EC.visibility_of_element_located((AppiumBy.ACCESSIBILITY_ID, 'Депозит\\nот 22.02.2019\\n27 596,55 ₸')))#Депозит\\nот 04.03.2022\\n2 000 ₸\n            popbtn = driver.find_element(AppiumBy.ACCESSIBILITY_ID, 'Депозит\\nот 22.02.2019\\n27 596,55 ₸')\n            popbtn.click()\n            time.sleep(15)\n    \n            # WebDriverWait(driver, 10).until(EC.element_to_be_clickable((AppiumBy.ACCESSIBILITY_ID, \"Маска\")))\n            # popbtn = driver.find_element(AppiumBy.ACCESSIBILITY_ID, \"Маска\")\n            # popbtn.click()\n    \n            actions = ActionChains(driver)\n            actions.w3c_actions = ActionBuilder(driver, mouse=PointerInput(interaction.POINTER_TOUCH, \"touch\"))\n            actions.w3c_actions.pointer_action.move_to_location(316, 960)\n            actions.w3c_actions.pointer_action.pointer_down()\n            actions.w3c_actions.pointer_action.move_to_location(314, 399)\n            actions.w3c_actions.pointer_action.release()\n            actions.perform()\n    \n>           popbtn = driver.find_element(AppiumBy.ACCESSIBILITY_ID, 'Изменить условия депозита')\n\ntest\\test_app.py:120: \n_ _ _ _ _ _ _ _ _ _ _ _ _ _ _ _ _ _ _ _ _ _ _ _ _ _ _ _ _ _ _ _ _ _ _ _ _ _ _ _ _ _ _ _ _ _ _ _ _ _ _ _ _ _ _ _ _ _ _ _ _ _ _ _ _ _ _ _ _ _ _ _ _ _ _ _ _ _ _ _ _ _ _ _ _ _ _ _ _ _ _ _ _ _ _ _ _ _ _ _ _ _ _ _ _ _ _ _ _ _ _ _ _ _\n.venv\\Lib\\site-packages\\appium\\webdriver\\webdriver.py:382: in find_element\n    return self.execute(RemoteCommand.FIND_ELEMENT, {'using': by, 'value': value})['value']\n.venv\\Lib\\site-packages\\selenium\\webdriver\\remote\\webdriver.py:354: in execute\n    self.error_handler.check_response(response)\n_ _ _ _ _ _ _ _ _ _ _ _ _ _ _ _ _ _ _ _ _ _ _ _ _ _ _ _ _ _ _ _ _ _ _ _ _ _ _ _ _ _ _ _ _ _ _ _ _ _ _ _ _ _ _ _ _ _ _ _ _ _ _ _ _ _ _ _ _ _ _ _ _ _ _ _ _ _ _ _ _ _ _ _ _ _ _ _ _ _ _ _ _ _ _ _ _ _ _ _ _ _ _ _ _ _ _ _ _ _ _ _ _ _\n\nself = <appium.webdriver.errorhandler.MobileErrorHandler object at 0x0000028F92633200>\nresponse = {'status': 404, 'value': '{\"value\":{\"error\":\"no such element\",\"message\":\"An element could not be located on the page u...\\\\\\node_modules\\\\\\\\appium\\\\\\\\node_modules\\\\\\\\appium-base-driver\\\\\\\\lib\\\\\\\\basedriver\\\\\\\\commands\\\\\\\\find.js:53:10)\"}}'}\n\n    def check_response(self, response: Dict[str, Any]) -> None:\n        \"\"\"\n        https://www.w3.org/TR/webdriver/#errors\n        \"\"\"\n        payload = response.get('value', '')\n        if isinstance(payload, dict):\n            payload_dict = payload\n        else:\n            try:\n                payload_dict = json.loads(payload)\n            except (json.JSONDecodeError, TypeError):\n                return\n            if not isinstance(payload_dict, dict):\n                return\n        value = payload_dict.get('value')\n        if not isinstance(value, dict):\n            return\n        error = value.get('error')\n        if not error:\n            return\n    \n        message = value.get('message', error)\n        stacktrace = value.get('stacktrace', '')\n        # In theory, we should also be checking HTTP status codes.\n        # Java client, for example, prints a warning if the actual `error`\n        # value does not match to the response's HTTP status code.\n        exception_class: Type[sel_exceptions.WebDriverException] = ERROR_TO_EXC_MAPPING.get(\n            error, sel_exceptions.WebDriverException\n        )\n        if exception_class is sel_exceptions.WebDriverException and message:\n            if message == 'No such context found.':\n                exception_class = appium_exceptions.NoSuchContextException\n            elif message == 'That command could not be executed in the current context.':\n                exception_class = appium_exceptions.InvalidSwitchToTargetException\n    \n        if exception_class is sel_exceptions.UnexpectedAlertPresentException:\n            raise sel_exceptions.UnexpectedAlertPresentException(\n                msg=message,\n                stacktrace=format_stacktrace(stacktrace),\n                alert_text=value.get('data'),\n            )\n>       raise exception_class(msg=message, stacktrace=format_stacktrace(stacktrace))\nE       selenium.common.exceptions.NoSuchElementException: Message: An element could not be located on the page using the given search parameters.; For documentation on this error, please visit: https://www.selenium.dev/documentation/webdriver/troubleshooting/errors#no-such-element-exception\nE       Stacktrace:\nE       NoSuchElementError: An element could not be located on the page using the given search parameters.\nE           at AndroidUiautomator2Driver.findElOrEls (C:\\Program Files\\Appium Server GUI\\resources\\app\\node_modules\\appium\\node_modules\\appium-android-driver\\lib\\commands\\find.js:75:11)\nE           at runMicrotasks (<anonymous>)\nE           at processTicksAndRejections (internal/process/task_queues.js:97:5)\nE           at AndroidUiautomator2Driver.findElOrElsWithProcessing (C:\\Program Files\\Appium Server GUI\\resources\\app\\node_modules\\appium\\node_modules\\appium-base-driver\\lib\\basedriver\\commands\\find.js:33:12)\nE           at AndroidUiautomator2Driver.findElement (C:\\Program Files\\Appium Server GUI\\resources\\app\\node_modules\\appium\\node_modules\\appium-base-driver\\lib\\basedriver\\commands\\find.js:53:10)\n\n.venv\\Lib\\site-packages\\appium\\webdriver\\errorhandler.py:125: NoSuchElementException"}, "steps": [{"name": "Аuthorization", "status": "passed", "start": 1724923719919, "stop": 1724923744319}, {"name": "Main Page and scroll", "status": "passed", "start": 1724923744319, "stop": 1724923746353}, {"name": "Navigate to My Bank", "status": "passed", "start": 1724923746353, "stop": 1724923757366}, {"name": "Izmenit uslovia depozita", "status": "broken", "statusDetails": {"message": "selenium.common.exceptions.NoSuchElementException: Message: An element could not be located on the page using the given search parameters.; For documentation on this error, please visit: https://www.selenium.dev/documentation/webdriver/troubleshooting/errors#no-such-element-exception\nStacktrace:\nNoSuchElementError: An element could not be located on the page using the given search parameters.\n    at AndroidUiautomator2Driver.findElOrEls (C:\\Program Files\\Appium Server GUI\\resources\\app\\node_modules\\appium\\node_modules\\appium-android-driver\\lib\\commands\\find.js:75:11)\n    at runMicrotasks (<anonymous>)\n    at processTicksAndRejections (internal/process/task_queues.js:97:5)\n    at AndroidUiautomator2Driver.findElOrElsWithProcessing (C:\\Program Files\\Appium Server GUI\\resources\\app\\node_modules\\appium\\node_modules\\appium-base-driver\\lib\\basedriver\\commands\\find.js:33:12)\n    at AndroidUiautomator2Driver.findElement (C:\\Program Files\\Appium Server GUI\\resources\\app\\node_modules\\appium\\node_modules\\appium-base-driver\\lib\\basedriver\\commands\\find.js:53:10)\n", "trace": "  File \"C:\\Users\\prost\\test\\test\\python\\test\\test_app.py\", line 120, in test_app_interaction\n    popbtn = driver.find_element(AppiumBy.ACCESSIBILITY_ID, 'Изменить условия депозита')\n             ^^^^^^^^^^^^^^^^^^^^^^^^^^^^^^^^^^^^^^^^^^^^^^^^^^^^^^^^^^^^^^^^^^^^^^^^^^^\n  File \"C:\\Users\\prost\\test\\test\\python\\.venv\\Lib\\site-packages\\appium\\webdriver\\webdriver.py\", line 382, in find_element\n    return self.execute(RemoteCommand.FIND_ELEMENT, {'using': by, 'value': value})['value']\n           ^^^^^^^^^^^^^^^^^^^^^^^^^^^^^^^^^^^^^^^^^^^^^^^^^^^^^^^^^^^^^^^^^^^^^^^\n  File \"C:\\Users\\prost\\test\\test\\python\\.venv\\Lib\\site-packages\\selenium\\webdriver\\remote\\webdriver.py\", line 354, in execute\n    self.error_handler.check_response(response)\n  File \"C:\\Users\\prost\\test\\test\\python\\.venv\\Lib\\site-packages\\appium\\webdriver\\errorhandler.py\", line 125, in check_response\n    raise exception_class(msg=message, stacktrace=format_stacktrace(stacktrace))\n"}, "start": 1724923757366, "stop": 1724923803267}], "start": 1724923719919, "stop": 1724923803269, "uuid": "00616663-4822-4599-b560-08defd801d69", "historyId": "0477d7cb52d7ae1ae53a2a00df1526f6", "testCaseId": "0477d7cb52d7ae1ae53a2a00df1526f6", "fullName": "test.test_app#test_app_interaction", "labels": [{"name": "feature", "value": "Test"}, {"name": "story", "value": "Sample App Interaction"}, {"name": "parentSuite", "value": "test"}, {"name": "suite", "value": "test_app"}, {"name": "host", "value": "LAPTOP-7ULI4G2C"}, {"name": "thread", "value": "17624-MainThread"}, {"name": "framework", "value": "pytest"}, {"name": "language", "value": "cpython3"}, {"name": "package", "value": "test.test_app"}]}